Arguments: 
  /usr/local/bin/node /usr/share/yarn/bin/yarn.js add jest @swc/core @swc/jest -D

PATH: 
  /home/herlander/.local/share/zinit/polaris/bin:/usr/local/sbin:/usr/local/bin:/usr/sbin:/usr/bin:/sbin:/bin:/usr/games:/usr/local/games:/snap/bin:/home/herlander/.dotnet/tools:/usr/local/go/bin:/usr/local/go/bin:/home/herlander/Android/Sdk/emulator:/home/herlander/Android/Sdk/tools:/home/herlander/Android/Sdk/tools/bin:/home/herlander/Android/Sdk/platform-tools:/home/herlander/android-studio/bin:/usr/local/go/bin:/home/herlander/Android/Sdk/emulator:/home/herlander/Android/Sdk/tools:/home/herlander/Android/Sdk/tools/bin:/home/herlander/Android/Sdk/platform-tools:/home/herlander/android-studio/bin

Yarn version: 
  1.22.17

Node version: 
  16.16.0

Platform: 
  linux x64

Trace: 
  Error: getaddrinfo EAI_AGAIN registry.yarnpkg.com
      at GetAddrInfoReqWrap.onlookup [as oncomplete] (node:dns:71:26)

npm manifest: 
  {
    "name": "02-node-js",
    "version": "1.0.0",
    "main": "index.js",
    "license": "MIT",
    "devDependencies": {
      "@types/node": "^18.7.1",
      "typescript": "^4.7.4"
    }
  }

yarn manifest: 
  No manifest

Lockfile: 
  # THIS IS AN AUTOGENERATED FILE. DO NOT EDIT THIS FILE DIRECTLY.
  # yarn lockfile v1
  
  
  "@types/node@^18.7.1":
    version "18.7.1"
    resolved "https://registry.yarnpkg.com/@types/node/-/node-18.7.1.tgz#352bee64f93117d867d05f7406642a52685cbca6"
    integrity sha512-GKX1Qnqxo4S+Z/+Z8KKPLpH282LD7jLHWJcVryOflnsnH+BtSDfieR6ObwBMwpnNws0bUK8GI7z0unQf9bARNQ==
  
  typescript@^4.7.4:
    version "4.7.4"
    resolved "https://registry.yarnpkg.com/typescript/-/typescript-4.7.4.tgz#1a88596d1cf47d59507a1bcdfb5b9dfe4d488235"
    integrity sha512-C0WQT0gezHuw6AdY1M2jxUO83Rjf0HP7Sk1DtXj6j1EwkQNZrHAg2XPWlq62oqEhYvONq5pkC2Y9oPljWToLmQ==
